android/app/build/intermediates/manifest_merge_blame_file/debug/processDebugMainManifest/manifest-merger-blame-debug-report.txt
1<?xml version="1.0" encoding="utf-8"?>
2<manifest xmlns:android="http://schemas.android.com/apk/res/android"
3    package="xyz.doniwirawan.ascent"
4    android:versionCode="1"
5    android:versionName="1.0" >
6
7    <uses-sdk
8        android:minSdkVersion="29"
9        android:targetSdkVersion="34" />
10
11    <uses-permission android:name="android.permission.INTERNET" />
11-->src\main\AndroidManifest.xml:4:5-67
11-->src\main\AndroidManifest.xml:4:22-64
12    <uses-permission android:name="android.permission.ACCESS_NETWORK_STATE" />
12-->src\main\AndroidManifest.xml:5:5-79
12-->src\main\AndroidManifest.xml:5:22-76
13
14    <permission
14-->[androidx.core:core:1.13.1] AndroidManifest.xml:22:5-24:47
15        android:name="xyz.doniwirawan.ascent.DYNAMIC_RECEIVER_NOT_EXPORTED_PERMISSION"
15-->[androidx.core:core:1.13.1] AndroidManifest.xml:23:9-81
16        android:protectionLevel="signature" />
16-->[androidx.core:core:1.13.1] AndroidManifest.xml:24:9-44
17
18    <uses-permission android:name="xyz.doniwirawan.ascent.DYNAMIC_RECEIVER_NOT_EXPORTED_PERMISSION" />
18-->[androidx.core:core:1.13.1] AndroidManifest.xml:26:5-97
18-->[androidx.core:core:1.13.1] AndroidManifest.xml:26:22-94
19
20    <application
20-->src\main\AndroidManifest.xml:7:5-60:19
21        android:allowBackup="false"
21-->src\main\AndroidManifest.xml:8:9-36
22        android:appComponentFactory="androidx.core.app.CoreComponentFactory"
22-->[androidx.core:core:1.13.1] AndroidManifest.xml:28:18-86
23        android:debuggable="true"
24        android:extractNativeLibs="false"
25        android:icon="@mipmap/ic_launcher"
25-->src\main\AndroidManifest.xml:9:9-43
26        android:label="@string/app_name"
26-->src\main\AndroidManifest.xml:10:9-41
27        android:supportsRtl="true"
27-->src\main\AndroidManifest.xml:11:9-35
28        android:theme="@android:style/Theme.DeviceDefault" >
28-->src\main\AndroidManifest.xml:12:9-59
29        <activity
29-->src\main\AndroidManifest.xml:14:9-23:20
30            android:name="xyz.doniwirawan.ascent.MainActivity"
30-->src\main\AndroidManifest.xml:15:13-41
31            android:configChanges="orientation|screenSize|keyboardHidden|screenLayout"
31-->src\main\AndroidManifest.xml:17:13-87
32            android:exported="true"
32-->src\main\AndroidManifest.xml:16:13-36
33            android:label="@string/app_name" >
33-->src\main\AndroidManifest.xml:18:13-45
34            <intent-filter>
34-->src\main\AndroidManifest.xml:19:13-22:29
35                <action android:name="android.intent.action.MAIN" />
35-->src\main\AndroidManifest.xml:20:17-69
35-->src\main\AndroidManifest.xml:20:25-66
36
37                <category android:name="android.intent.category.LAUNCHER" />
37-->src\main\AndroidManifest.xml:21:17-77
37-->src\main\AndroidManifest.xml:21:27-74
38            </intent-filter>
39        </activity>
40
41        <!--
42             The widget's configure screen: shown when the widget is placed, and
43             again on long-press thanks to widgetFeatures="reconfigurable". That
44             is the only route to it, since MainActivity runs without a title bar.
45        -->
46        <activity
46-->src\main\AndroidManifest.xml:28:9-35:20
47            android:name="xyz.doniwirawan.ascent.SetupActivity"
47-->src\main\AndroidManifest.xml:29:13-42
48            android:exported="true"
48-->src\main\AndroidManifest.xml:30:13-36
49            android:label="Widget settings" >
49-->src\main\AndroidManifest.xml:31:13-44
50            <intent-filter>
50-->src\main\AndroidManifest.xml:32:13-34:29
51                <action android:name="android.appwidget.action.APPWIDGET_CONFIGURE" />
51-->src\main\AndroidManifest.xml:33:17-87
51-->src\main\AndroidManifest.xml:33:25-84
52            </intent-filter>
53        </activity>
54
55        <provider
56            android:name="androidx.core.content.FileProvider"
56-->src\main\AndroidManifest.xml:38:13-62
57            android:authorities="xyz.doniwirawan.ascent.files"
57-->src\main\AndroidManifest.xml:39:13-57
58            android:exported="false"
58-->src\main\AndroidManifest.xml:40:13-37
59            android:grantUriPermissions="true" >
59-->src\main\AndroidManifest.xml:41:13-47
60            <meta-data
60-->src\main\AndroidManifest.xml:42:13-44:54
61                android:name="android.support.FILE_PROVIDER_PATHS"
61-->src\main\AndroidManifest.xml:43:17-67
62                android:resource="@xml/file_paths" />
62-->src\main\AndroidManifest.xml:44:17-51
63        </provider>
64
65        <!--
66             Refresh intents target this receiver explicitly, so only the system
67             APPWIDGET_UPDATE broadcast needs a filter.
68        -->
69        <receiver
69-->src\main\AndroidManifest.xml:49:9-58:20
70            android:name="xyz.doniwirawan.ascent.AscentWidget"
70-->src\main\AndroidManifest.xml:50:13-41
71            android:exported="true" >
71-->src\main\AndroidManifest.xml:51:13-36
72            <intent-filter>
72-->src\main\AndroidManifest.xml:52:13-54:29
73                <action android:name="android.appwidget.action.APPWIDGET_UPDATE" />
73-->src\main\AndroidManifest.xml:53:17-84
73-->src\main\AndroidManifest.xml:53:25-81
74            </intent-filter>
75
76            <meta-data
76-->src\main\AndroidManifest.xml:55:13-57:62
77                android:name="android.appwidget.provider"
77-->src\main\AndroidManifest.xml:56:17-58
78                android:resource="@xml/ascent_widget_info" />
78-->src\main\AndroidManifest.xml:57:17-59
79        </receiver>
80
81        <provider
81-->[androidx.profileinstaller:profileinstaller:1.3.0] AndroidManifest.xml:24:9-32:20
82            android:name="androidx.startup.InitializationProvider"
82-->[androidx.profileinstaller:profileinstaller:1.3.0] AndroidManifest.xml:25:13-67
83            android:authorities="xyz.doniwirawan.ascent.androidx-startup"
83-->[androidx.profileinstaller:profileinstaller:1.3.0] AndroidManifest.xml:26:13-68
84            android:exported="false" >
84-->[androidx.profileinstaller:profileinstaller:1.3.0] AndroidManifest.xml:27:13-37
85            <meta-data
85-->[androidx.profileinstaller:profileinstaller:1.3.0] AndroidManifest.xml:29:13-31:52
86                android:name="androidx.profileinstaller.ProfileInstallerInitializer"
86-->[androidx.profileinstaller:profileinstaller:1.3.0] AndroidManifest.xml:30:17-85
87                android:value="androidx.startup" />
87-->[androidx.profileinstaller:profileinstaller:1.3.0] AndroidManifest.xml:31:17-49
88        </provider>
89
90        <receiver
90-->[androidx.profileinstaller:profileinstaller:1.3.0] AndroidManifest.xml:34:9-52:20
91            android:name="androidx.profileinstaller.ProfileInstallReceiver"
91-->[androidx.profileinstaller:profileinstaller:1.3.0] AndroidManifest.xml:35:13-76
92            android:directBootAware="false"
92-->[androidx.profileinstaller:profileinstaller:1.3.0] AndroidManifest.xml:36:13-44
93            android:enabled="true"
93-->[androidx.profileinstaller:profileinstaller:1.3.0] AndroidManifest.xml:37:13-35
94            android:exported="true"
94-->[androidx.profileinstaller:profileinstaller:1.3.0] AndroidManifest.xml:38:13-36
95            android:permission="android.permission.DUMP" >
95-->[androidx.profileinstaller:profileinstaller:1.3.0] AndroidManifest.xml:39:13-57
96            <intent-filter>
96-->[androidx.profileinstaller:profileinstaller:1.3.0] AndroidManifest.xml:40:13-42:29
97                <action android:name="androidx.profileinstaller.action.INSTALL_PROFILE" />
97-->[androidx.profileinstaller:profileinstaller:1.3.0] AndroidManifest.xml:41:17-91
97-->[androidx.profileinstaller:profileinstaller:1.3.0] AndroidManifest.xml:41:25-88
98            </intent-filter>
99            <intent-filter>
99-->[androidx.profileinstaller:profileinstaller:1.3.0] AndroidManifest.xml:43:13-45:29
100                <action android:name="androidx.profileinstaller.action.SKIP_FILE" />
100-->[androidx.profileinstaller:profileinstaller:1.3.0] AndroidManifest.xml:44:17-85
100-->[androidx.profileinstaller:profileinstaller:1.3.0] AndroidManifest.xml:44:25-82
101            </intent-filter>
102            <intent-filter>
102-->[androidx.profileinstaller:profileinstaller:1.3.0] AndroidManifest.xml:46:13-48:29
103                <action android:name="androidx.profileinstaller.action.SAVE_PROFILE" />
103-->[androidx.profileinstaller:profileinstaller:1.3.0] AndroidManifest.xml:47:17-88
103-->[androidx.profileinstaller:profileinstaller:1.3.0] AndroidManifest.xml:47:25-85
104            </intent-filter>
105            <intent-filter>
105-->[androidx.profileinstaller:profileinstaller:1.3.0] AndroidManifest.xml:49:13-51:29
106                <action android:name="androidx.profileinstaller.action.BENCHMARK_OPERATION" />
106-->[androidx.profileinstaller:profileinstaller:1.3.0] AndroidManifest.xml:50:17-95
106-->[androidx.profileinstaller:profileinstaller:1.3.0] AndroidManifest.xml:50:25-92
107            </intent-filter>
108        </receiver>
109    </application>
110
111</manifest>